<?xml version="1.0" encoding="UTF-8"?>
<!-- Generated by org.testng.reporters.JUnitReportReporter -->
<testsuite hostname="DESKTOP-N6FMT37" failures="0" tests="1" name="MapToJsonInAPI" time="7.679" errors="0" timestamp="2021-09-01T22:15:00 IST" skipped="0">
  <testcase classname="MapToJsonInAPI" name="addBook" time="7.679"/>
  <system-out/>
</testsuite> <!-- MapToJsonInAPI -->
