<?xml version="1.0" encoding="UTF-8"?>
<!-- Generated by org.testng.reporters.JUnitReportReporter -->
<testsuite hostname="DESKTOP-N6FMT37" failures="0" tests="1" name="SumValidation" time="3.190" errors="0" timestamp="2021-06-21T17:29:26 IST" skipped="0">
  <testcase classname="SumValidation" name="sumCourses" time="3.190"/>
  <system-out/>
</testsuite> <!-- SumValidation -->
