<?xml version="1.0" encoding="UTF-8"?>
<!-- Generated by org.testng.reporters.JUnitReportReporter -->
<testsuite hostname="DESKTOP-N6FMT37" failures="0" tests="3" name="Dynamicjson" time="4.783" errors="0" timestamp="2021-06-22T00:26:09 IST" skipped="0">
  <testcase classname="Dynamicjson" name="addBook" time="4.194"/>
  <system-out/>
  <testcase classname="Dynamicjson" name="addBook" time="0.295"/>
  <system-out/>
  <testcase classname="Dynamicjson" name="addBook" time="0.294"/>
  <system-out/>
</testsuite> <!-- Dynamicjson -->
